<?xml version="1.0" encoding="UTF-8"?>
<!-- Generated by org.testng.reporters.JUnitXMLReporter -->
<testsuite hostname="user-PC" ignored="0" name="Default test" tests="3" failures="0" timestamp="18 Jun 2019 11:33:52 GMT" time="34.719" errors="0">
  <testcase name="createUser" time="11.336" classname="userTest.UserCreateVerify"/>
  <testcase name="deleteUser" time="6.137" classname="userTest.UserCreateVerify"/>
  <testcase name="userSearch" time="3.392" classname="userTest.UserCreateVerify"/>
</testsuite> <!-- Default test -->
