<?xml version="1.0" encoding="UTF-8"?>
<!-- Generated by org.testng.reporters.JUnitXMLReporter -->
<testsuite hostname="user-PC" ignored="0" name="chromeTest" tests="3" failures="1" timestamp="20 Jun 2019 11:20:54 GMT" time="15.436" errors="0">
  <testcase name="@AfterMethod afterMethod" time="0.027" classname="initializeClass.Initial">
    <failure type="java.lang.NullPointerException">
      <![CDATA[java.lang.NullPointerException
at initializeClass.Initial.afterMethod(Initial.java:74)
at java.util.concurrent.FutureTask.run(FutureTask.java:266)
at java.util.concurrent.ThreadPoolExecutor.runWorker(ThreadPoolExecutor.java:1149)
at java.util.concurrent.ThreadPoolExecutor$Worker.run(ThreadPoolExecutor.java:624)
at java.lang.Thread.run(Thread.java:748)
... Removed 19 stack frames]]>
    </failure>
  </testcase> <!-- @AfterMethod afterMethod -->
  <testcase name="@BeforeMethod beforePrint" time="0.0" classname="initializeClass.Initial">
    <skipped/>
  </testcase> <!-- @BeforeMethod beforePrint -->
  <testcase name="@AfterMethod afterMethod" time="0.0" classname="initializeClass.Initial">
    <skipped/>
  </testcase> <!-- @AfterMethod afterMethod -->
  <testcase name="@BeforeMethod beforePrint" time="0.0" classname="initializeClass.Initial">
    <skipped/>
  </testcase> <!-- @BeforeMethod beforePrint -->
  <testcase name="@AfterMethod afterMethod" time="0.0" classname="initializeClass.Initial">
    <skipped/>
  </testcase> <!-- @AfterMethod afterMethod -->
  <testcase name="createUser" time="0.008" classname="userTest.UserCreateVerify">
    <failure type="java.lang.NullPointerException">
      <![CDATA[java.lang.NullPointerException
at userTest.UserCreateVerify.createUser(UserCreateVerify.java:14)
at java.util.concurrent.FutureTask.run(FutureTask.java:266)
at java.util.concurrent.ThreadPoolExecutor.runWorker(ThreadPoolExecutor.java:1149)
at java.util.concurrent.ThreadPoolExecutor$Worker.run(ThreadPoolExecutor.java:624)
at java.lang.Thread.run(Thread.java:748)
... Removed 16 stack frames]]>
    </failure>
  </testcase> <!-- createUser -->
  <testcase name="deleteUser" time="0.0" classname="userTest.UserCreateVerify">
    <skipped/>
  </testcase> <!-- deleteUser -->
  <testcase name="userSearch" time="0.0" classname="userTest.UserCreateVerify">
    <skipped/>
  </testcase> <!-- userSearch -->
</testsuite> <!-- chromeTest -->
