<?xml version="1.0" encoding="UTF-8"?>
<testng-results skipped="0" failed="0" ignored="0" total="3" passed="3">
  <reporter-output>
  </reporter-output>
  <suite name="Default suite" duration-ms="34719" started-at="2019-06-18T11:33:17Z" finished-at="2019-06-18T11:33:52Z">
    <groups>
    </groups>
    <test name="Default test" duration-ms="34719" started-at="2019-06-18T11:33:17Z" finished-at="2019-06-18T11:33:52Z">
      <class name="userTest.UserCreateVerify">
        <test-method status="PASS" signature="reportSetUp()[pri:0, instance:userTest.UserCreateVerify@1794d431]" name="reportSetUp" is-config="true" duration-ms="512" started-at="2019-06-18T11:33:17Z" finished-at="2019-06-18T11:33:17Z">
          <reporter-output>
          </reporter-output>
        </test-method> <!-- reportSetUp -->
        <test-method status="PASS" signature="initialization()[pri:0, instance:userTest.UserCreateVerify@1794d431]" name="initialization" is-config="true" duration-ms="13612" started-at="2019-06-18T11:33:17Z" finished-at="2019-06-18T11:33:31Z">
          <reporter-output>
          </reporter-output>
        </test-method> <!-- initialization -->
        <test-method status="PASS" signature="beforePrint()[pri:0, instance:userTest.UserCreateVerify@1794d431]" name="beforePrint" is-config="true" duration-ms="1" started-at="2019-06-18T11:33:31Z" finished-at="2019-06-18T11:33:31Z">
          <reporter-output>
          </reporter-output>
        </test-method> <!-- beforePrint -->
        <test-method status="PASS" signature="createUser()[pri:0, instance:userTest.UserCreateVerify@1794d431]" name="createUser" duration-ms="11336" started-at="2019-06-18T11:33:31Z" finished-at="2019-06-18T11:33:42Z">
          <reporter-output>
          </reporter-output>
        </test-method> <!-- createUser -->
        <test-method status="PASS" signature="afterMethod(org.testng.ITestResult)[pri:0, instance:userTest.UserCreateVerify@1794d431]" name="afterMethod" is-config="true" duration-ms="10" started-at="2019-06-18T11:33:42Z" finished-at="2019-06-18T11:33:42Z">
          <params>
            <param index="0">
              <value>
                <![CDATA[[TestResult name=createUser status=SUCCESS method=UserCreateVerify.createUser()[pri:0, instance:userTest.UserCreateVerify@1794d431] output={null}]]]>
              </value>
            </param>
          </params>
          <reporter-output>
          </reporter-output>
        </test-method> <!-- afterMethod -->
        <test-method status="PASS" signature="beforePrint()[pri:0, instance:userTest.UserCreateVerify@1794d431]" name="beforePrint" is-config="true" duration-ms="0" started-at="2019-06-18T11:33:42Z" finished-at="2019-06-18T11:33:42Z">
          <reporter-output>
          </reporter-output>
        </test-method> <!-- beforePrint -->
        <test-method status="PASS" signature="deleteUser()[pri:1, instance:userTest.UserCreateVerify@1794d431]" name="deleteUser" duration-ms="6137" started-at="2019-06-18T11:33:42Z" finished-at="2019-06-18T11:33:48Z">
          <reporter-output>
          </reporter-output>
        </test-method> <!-- deleteUser -->
        <test-method status="PASS" signature="afterMethod(org.testng.ITestResult)[pri:0, instance:userTest.UserCreateVerify@1794d431]" name="afterMethod" is-config="true" duration-ms="2" started-at="2019-06-18T11:33:48Z" finished-at="2019-06-18T11:33:48Z">
          <params>
            <param index="0">
              <value>
                <![CDATA[[TestResult name=deleteUser status=SUCCESS method=UserCreateVerify.deleteUser()[pri:1, instance:userTest.UserCreateVerify@1794d431] output={null}]]]>
              </value>
            </param>
          </params>
          <reporter-output>
          </reporter-output>
        </test-method> <!-- afterMethod -->
        <test-method status="PASS" signature="beforePrint()[pri:0, instance:userTest.UserCreateVerify@1794d431]" name="beforePrint" is-config="true" duration-ms="1" started-at="2019-06-18T11:33:48Z" finished-at="2019-06-18T11:33:48Z">
          <reporter-output>
          </reporter-output>
        </test-method> <!-- beforePrint -->
        <test-method status="PASS" signature="userSearch()[pri:2, instance:userTest.UserCreateVerify@1794d431]" name="userSearch" duration-ms="3392" started-at="2019-06-18T11:33:48Z" finished-at="2019-06-18T11:33:52Z">
          <reporter-output>
          </reporter-output>
        </test-method> <!-- userSearch -->
        <test-method status="PASS" signature="afterMethod(org.testng.ITestResult)[pri:0, instance:userTest.UserCreateVerify@1794d431]" name="afterMethod" is-config="true" duration-ms="1" started-at="2019-06-18T11:33:52Z" finished-at="2019-06-18T11:33:52Z">
          <params>
            <param index="0">
              <value>
                <![CDATA[[TestResult name=userSearch status=SUCCESS method=UserCreateVerify.userSearch()[pri:2, instance:userTest.UserCreateVerify@1794d431] output={null}]]]>
              </value>
            </param>
          </params>
          <reporter-output>
          </reporter-output>
        </test-method> <!-- afterMethod -->
        <test-method status="PASS" signature="tearDown()[pri:0, instance:userTest.UserCreateVerify@1794d431]" name="tearDown" is-config="true" duration-ms="167" started-at="2019-06-18T11:33:52Z" finished-at="2019-06-18T11:33:52Z">
          <reporter-output>
          </reporter-output>
        </test-method> <!-- tearDown -->
        <test-method status="PASS" signature="extentClose()[pri:0, instance:userTest.UserCreateVerify@1794d431]" name="extentClose" is-config="true" duration-ms="790" started-at="2019-06-18T11:33:52Z" finished-at="2019-06-18T11:33:53Z">
          <reporter-output>
          </reporter-output>
        </test-method> <!-- extentClose -->
      </class> <!-- userTest.UserCreateVerify -->
    </test> <!-- Default test -->
  </suite> <!-- Default suite -->
</testng-results>
